INFO:root:Trainin on: competition/vectors/train_n1000.csv
INFO:root:Classes learned: defaultdict(<class 'float'>, {'belles': 0.1762114537444934, 'adventure': 0.06607929515418502, 'fiction': 0.06607929515418502, 'learned': 0.16740088105726872, 'editorial': 0.06167400881057269, 'government': 0.07048458149779736, 'mystery': 0.06167400881057269, 'lore': 0.10572687224669604, 'news': 0.10572687224669604, 'romance': 0.048458149779735685, 'hobbies': 0.07048458149779736})
INFO:root:Number of dimensions: 1000
INFO:root:Evaluating on: competition/vectors/dev_n1000.csv
INFO:root:Classifying 112 documents.
INFO:root:Class: adventure, p: 1.94202732812052e-284
INFO:root:Class: belles, p: 0.0
INFO:root:Class: belles, p: 0.0
INFO:root:Class: mystery, p: 4.550101506950568e-295
INFO:root:Class: belles, p: 0.0
INFO:root:Class: adventure, p: 1e-323
INFO:root:Class: belles, p: 0.0
INFO:root:Class: belles, p: 0.0
INFO:root:Class: belles, p: 0.0
INFO:root:Class: belles, p: 0.0
INFO:root:Class: romance, p: 3.1245303363e-314
INFO:root:Class: belles, p: 0.0
INFO:root:Class: belles, p: 0.0
INFO:root:Class: belles, p: 0.0
INFO:root:Class: belles, p: 0.0
INFO:root:Class: belles, p: 0.0
INFO:root:Class: belles, p: 0.0
INFO:root:Class: belles, p: 0.0
INFO:root:Class: romance, p: 3e-323
INFO:root:Class: belles, p: 0.0
INFO:root:Class: belles, p: 0.0
INFO:root:Class: belles, p: 0.0
INFO:root:Class: belles, p: 0.0
INFO:root:Class: belles, p: 0.0
INFO:root:Class: belles, p: 0.0
INFO:root:Class: belles, p: 0.0
INFO:root:Class: belles, p: 0.0
INFO:root:Class: belles, p: 0.0
INFO:root:Class: belles, p: 0.0
INFO:root:Class: belles, p: 0.0
INFO:root:Class: belles, p: 0.0
INFO:root:Class: belles, p: 0.0
INFO:root:Class: belles, p: 0.0
INFO:root:Class: belles, p: 0.0
INFO:root:Class: belles, p: 0.0
INFO:root:Class: belles, p: 0.0
INFO:root:Class: belles, p: 0.0
INFO:root:Class: belles, p: 0.0
INFO:root:Class: belles, p: 0.0
INFO:root:Class: belles, p: 0.0
INFO:root:Class: belles, p: 0.0
INFO:root:Class: belles, p: 0.0
INFO:root:Class: belles, p: 0.0
INFO:root:Class: belles, p: 0.0
INFO:root:Class: belles, p: 0.0
INFO:root:Class: belles, p: 0.0
INFO:root:Class: belles, p: 0.0
INFO:root:Class: adventure, p: 3.83491242e-315
INFO:root:Class: belles, p: 0.0
INFO:root:Class: belles, p: 0.0
INFO:root:Class: belles, p: 0.0
INFO:root:Class: belles, p: 0.0
INFO:root:Class: belles, p: 0.0
INFO:root:Class: belles, p: 0.0
INFO:root:Class: belles, p: 0.0
INFO:root:Class: belles, p: 0.0
INFO:root:Class: belles, p: 0.0
INFO:root:Class: belles, p: 0.0
INFO:root:Class: belles, p: 0.0
INFO:root:Class: belles, p: 0.0
INFO:root:Class: belles, p: 0.0
INFO:root:Class: belles, p: 0.0
INFO:root:Class: belles, p: 0.0
INFO:root:Class: belles, p: 0.0
INFO:root:Class: belles, p: 0.0
INFO:root:Class: belles, p: 0.0
INFO:root:Class: belles, p: 0.0
INFO:root:Class: belles, p: 0.0
INFO:root:Class: belles, p: 0.0
INFO:root:Class: belles, p: 0.0
INFO:root:Class: belles, p: 0.0
INFO:root:Class: belles, p: 0.0
INFO:root:Class: belles, p: 0.0
INFO:root:Class: belles, p: 0.0
INFO:root:Class: belles, p: 0.0
INFO:root:Class: belles, p: 0.0
INFO:root:Class: belles, p: 0.0
INFO:root:Class: belles, p: 0.0
INFO:root:Class: belles, p: 0.0
INFO:root:Class: belles, p: 0.0
INFO:root:Class: belles, p: 0.0
INFO:root:Class: belles, p: 0.0
INFO:root:Class: belles, p: 0.0
INFO:root:Class: belles, p: 0.0
INFO:root:Class: belles, p: 0.0
INFO:root:Class: belles, p: 0.0
INFO:root:Class: belles, p: 0.0
INFO:root:Class: belles, p: 0.0
INFO:root:Class: mystery, p: 2.0901131417995295e-308
INFO:root:Class: belles, p: 0.0
INFO:root:Class: belles, p: 0.0
INFO:root:Class: belles, p: 0.0
INFO:root:Class: belles, p: 0.0
INFO:root:Class: belles, p: 0.0
INFO:root:Class: belles, p: 0.0
INFO:root:Class: belles, p: 0.0
INFO:root:Class: belles, p: 0.0
INFO:root:Class: belles, p: 0.0
INFO:root:Class: belles, p: 0.0
INFO:root:Class: belles, p: 0.0
INFO:root:Class: belles, p: 0.0
INFO:root:Class: belles, p: 0.0
INFO:root:Class: belles, p: 0.0
INFO:root:Class: belles, p: 0.0
INFO:root:Class: belles, p: 0.0
INFO:root:Class: belles, p: 0.0
INFO:root:Class: belles, p: 0.0
INFO:root:Class: romance, p: 3.4047780603e-313
INFO:root:Class: belles, p: 0.0
INFO:root:Class: romance, p: 3.396484633e-315
INFO:root:Class: romance, p: 1.413221232193e-311
INFO:root:Class: belles, p: 0.0
INFO:root:Trainin on: competition/vectors/train_n1000.csv
INFO:root:Classes learned: defaultdict(<class 'float'>, {'lore': 0.10572687224669604, 'romance': 0.048458149779735685, 'learned': 0.16740088105726872, 'news': 0.10572687224669604, 'adventure': 0.06607929515418502, 'mystery': 0.06167400881057269, 'government': 0.07048458149779736, 'editorial': 0.06167400881057269, 'belles': 0.1762114537444934, 'hobbies': 0.07048458149779736, 'fiction': 0.06607929515418502})
INFO:root:Number of dimensions: 1000
INFO:root:Evaluating on: competition/vectors/dev_n1000.csv
INFO:root:Classifying 112 documents.
INFO:root:Class: adventure, p: 1.94202732812052e-284
INFO:root:Class: belles, p: 0.0
INFO:root:Class: belles, p: 0.0
INFO:root:Class: mystery, p: 4.550101506950568e-295
INFO:root:Class: belles, p: 0.0
INFO:root:Class: adventure, p: 1e-323
INFO:root:Class: belles, p: 0.0
INFO:root:Class: belles, p: 0.0
INFO:root:Class: belles, p: 0.0
INFO:root:Class: belles, p: 0.0
INFO:root:Class: romance, p: 3.1245303363e-314
INFO:root:Class: belles, p: 0.0
INFO:root:Class: belles, p: 0.0
INFO:root:Class: belles, p: 0.0
INFO:root:Class: belles, p: 0.0
INFO:root:Class: belles, p: 0.0
INFO:root:Class: belles, p: 0.0
INFO:root:Class: belles, p: 0.0
INFO:root:Class: romance, p: 3e-323
INFO:root:Class: belles, p: 0.0
INFO:root:Class: belles, p: 0.0
INFO:root:Class: belles, p: 0.0
INFO:root:Class: belles, p: 0.0
INFO:root:Class: belles, p: 0.0
INFO:root:Class: belles, p: 0.0
INFO:root:Class: belles, p: 0.0
INFO:root:Class: belles, p: 0.0
INFO:root:Class: belles, p: 0.0
INFO:root:Class: belles, p: 0.0
INFO:root:Class: belles, p: 0.0
INFO:root:Class: belles, p: 0.0
INFO:root:Class: belles, p: 0.0
INFO:root:Class: belles, p: 0.0
INFO:root:Class: belles, p: 0.0
INFO:root:Class: belles, p: 0.0
INFO:root:Class: belles, p: 0.0
INFO:root:Class: belles, p: 0.0
INFO:root:Class: belles, p: 0.0
INFO:root:Class: belles, p: 0.0
INFO:root:Class: belles, p: 0.0
INFO:root:Class: belles, p: 0.0
INFO:root:Class: belles, p: 0.0
INFO:root:Class: belles, p: 0.0
INFO:root:Class: belles, p: 0.0
INFO:root:Class: belles, p: 0.0
INFO:root:Class: belles, p: 0.0
INFO:root:Class: belles, p: 0.0
INFO:root:Class: adventure, p: 3.83491242e-315
INFO:root:Class: belles, p: 0.0
INFO:root:Class: belles, p: 0.0
INFO:root:Class: belles, p: 0.0
INFO:root:Class: belles, p: 0.0
INFO:root:Class: belles, p: 0.0
INFO:root:Class: belles, p: 0.0
INFO:root:Class: belles, p: 0.0
INFO:root:Class: belles, p: 0.0
INFO:root:Class: belles, p: 0.0
INFO:root:Class: belles, p: 0.0
INFO:root:Class: belles, p: 0.0
INFO:root:Class: belles, p: 0.0
INFO:root:Class: belles, p: 0.0
INFO:root:Class: belles, p: 0.0
INFO:root:Class: belles, p: 0.0
INFO:root:Class: belles, p: 0.0
INFO:root:Class: belles, p: 0.0
INFO:root:Class: belles, p: 0.0
INFO:root:Class: belles, p: 0.0
INFO:root:Class: belles, p: 0.0
INFO:root:Class: belles, p: 0.0
INFO:root:Class: belles, p: 0.0
INFO:root:Class: belles, p: 0.0
INFO:root:Class: belles, p: 0.0
INFO:root:Class: belles, p: 0.0
INFO:root:Class: belles, p: 0.0
INFO:root:Class: belles, p: 0.0
INFO:root:Class: belles, p: 0.0
INFO:root:Class: belles, p: 0.0
INFO:root:Class: belles, p: 0.0
INFO:root:Class: belles, p: 0.0
INFO:root:Class: belles, p: 0.0
INFO:root:Class: belles, p: 0.0
INFO:root:Class: belles, p: 0.0
INFO:root:Class: belles, p: 0.0
INFO:root:Class: belles, p: 0.0
INFO:root:Class: belles, p: 0.0
INFO:root:Class: belles, p: 0.0
INFO:root:Class: belles, p: 0.0
INFO:root:Class: belles, p: 0.0
INFO:root:Class: mystery, p: 2.0901131417995295e-308
INFO:root:Class: belles, p: 0.0
INFO:root:Class: belles, p: 0.0
INFO:root:Class: belles, p: 0.0
INFO:root:Class: belles, p: 0.0
INFO:root:Class: belles, p: 0.0
INFO:root:Class: belles, p: 0.0
INFO:root:Class: belles, p: 0.0
INFO:root:Class: belles, p: 0.0
INFO:root:Class: belles, p: 0.0
INFO:root:Class: belles, p: 0.0
INFO:root:Class: belles, p: 0.0
INFO:root:Class: belles, p: 0.0
INFO:root:Class: belles, p: 0.0
INFO:root:Class: belles, p: 0.0
INFO:root:Class: belles, p: 0.0
INFO:root:Class: belles, p: 0.0
INFO:root:Class: belles, p: 0.0
INFO:root:Class: belles, p: 0.0
INFO:root:Class: romance, p: 3.4047780603e-313
INFO:root:Class: belles, p: 0.0
INFO:root:Class: romance, p: 3.396484633e-315
INFO:root:Class: romance, p: 1.413221232193e-311
INFO:root:Class: belles, p: 0.0
INFO:root:Accuracy: 0.16071428571428573
INFO:root:Trainin on: competition/vectors/train_n1000_scaled.csv
INFO:root:Classes learned: defaultdict(<class 'float'>, {'belles': 0.1762114537444934, 'editorial': 0.06167400881057269, 'hobbies': 0.07048458149779736, 'government': 0.07048458149779736, 'fiction': 0.06607929515418502, 'lore': 0.10572687224669604, 'romance': 0.048458149779735685, 'news': 0.10572687224669604, 'learned': 0.16740088105726872, 'mystery': 0.06167400881057269, 'adventure': 0.06607929515418502})
INFO:root:Number of dimensions: 1000
INFO:root:Evaluating on: competition/vectors/dev_n1000_scaled.csv
INFO:root:Classifying 112 documents.
INFO:root:Class: belles, p: 0.0
INFO:root:Class: belles, p: 0.0
INFO:root:Class: belles, p: 0.0
INFO:root:Class: belles, p: 0.0
INFO:root:Class: belles, p: 0.0
INFO:root:Class: belles, p: 0.0
INFO:root:Class: belles, p: 0.0
INFO:root:Class: belles, p: 0.0
INFO:root:Class: belles, p: 0.0
INFO:root:Class: belles, p: 0.0
INFO:root:Class: belles, p: 0.0
INFO:root:Class: belles, p: 0.0
INFO:root:Class: belles, p: 0.0
INFO:root:Class: belles, p: 0.0
INFO:root:Class: belles, p: 0.0
INFO:root:Class: belles, p: 0.0
INFO:root:Class: belles, p: 0.0
INFO:root:Class: belles, p: 0.0
INFO:root:Class: belles, p: 0.0
INFO:root:Class: belles, p: 0.0
INFO:root:Class: belles, p: 0.0
INFO:root:Class: belles, p: 0.0
INFO:root:Class: belles, p: 0.0
INFO:root:Class: belles, p: 0.0
INFO:root:Class: belles, p: 0.0
INFO:root:Class: belles, p: 0.0
INFO:root:Class: belles, p: 0.0
INFO:root:Class: belles, p: 0.0
INFO:root:Class: belles, p: 0.0
INFO:root:Class: belles, p: 0.0
INFO:root:Class: belles, p: 0.0
INFO:root:Class: belles, p: 0.0
INFO:root:Class: belles, p: 0.0
INFO:root:Class: belles, p: 0.0
INFO:root:Class: belles, p: 0.0
INFO:root:Class: belles, p: 0.0
INFO:root:Class: belles, p: 0.0
INFO:root:Class: belles, p: 0.0
INFO:root:Class: belles, p: 0.0
INFO:root:Class: belles, p: 0.0
INFO:root:Class: belles, p: 0.0
INFO:root:Class: belles, p: 0.0
INFO:root:Class: belles, p: 0.0
INFO:root:Class: belles, p: 0.0
INFO:root:Class: belles, p: 0.0
INFO:root:Class: belles, p: 0.0
INFO:root:Class: belles, p: 0.0
INFO:root:Class: belles, p: 0.0
INFO:root:Class: belles, p: 0.0
INFO:root:Class: belles, p: 0.0
INFO:root:Class: belles, p: 0.0
INFO:root:Class: belles, p: 0.0
INFO:root:Class: belles, p: 0.0
INFO:root:Class: belles, p: 0.0
INFO:root:Class: belles, p: 0.0
INFO:root:Class: belles, p: 0.0
INFO:root:Class: belles, p: 0.0
INFO:root:Class: belles, p: 0.0
INFO:root:Class: belles, p: 0.0
INFO:root:Class: belles, p: 0.0
INFO:root:Class: belles, p: 0.0
INFO:root:Class: belles, p: 0.0
INFO:root:Class: belles, p: 0.0
INFO:root:Class: belles, p: 0.0
INFO:root:Class: belles, p: 0.0
INFO:root:Class: belles, p: 0.0
INFO:root:Class: belles, p: 0.0
INFO:root:Class: belles, p: 0.0
INFO:root:Class: belles, p: 0.0
INFO:root:Class: belles, p: 0.0
INFO:root:Class: belles, p: 0.0
INFO:root:Class: belles, p: 0.0
INFO:root:Class: belles, p: 0.0
INFO:root:Class: belles, p: 0.0
INFO:root:Class: belles, p: 0.0
INFO:root:Class: belles, p: 0.0
INFO:root:Class: belles, p: 0.0
INFO:root:Class: belles, p: 0.0
INFO:root:Class: belles, p: 0.0
INFO:root:Class: belles, p: 0.0
INFO:root:Class: belles, p: 0.0
INFO:root:Class: belles, p: 0.0
INFO:root:Class: belles, p: 0.0
INFO:root:Class: belles, p: 0.0
INFO:root:Class: belles, p: 0.0
INFO:root:Class: belles, p: 0.0
INFO:root:Class: belles, p: 0.0
INFO:root:Class: belles, p: 0.0
INFO:root:Class: belles, p: 0.0
INFO:root:Class: belles, p: 0.0
INFO:root:Class: belles, p: 0.0
INFO:root:Class: belles, p: 0.0
INFO:root:Class: belles, p: 0.0
INFO:root:Class: belles, p: 0.0
INFO:root:Class: belles, p: 0.0
INFO:root:Class: belles, p: 0.0
INFO:root:Class: belles, p: 0.0
INFO:root:Class: belles, p: 0.0
INFO:root:Class: belles, p: 0.0
INFO:root:Class: belles, p: 0.0
INFO:root:Class: belles, p: 0.0
INFO:root:Class: belles, p: 0.0
INFO:root:Class: belles, p: 0.0
INFO:root:Class: belles, p: 0.0
INFO:root:Class: belles, p: 0.0
INFO:root:Class: belles, p: 0.0
INFO:root:Class: belles, p: 0.0
INFO:root:Class: belles, p: 0.0
INFO:root:Class: belles, p: 0.0
INFO:root:Class: belles, p: 0.0
INFO:root:Class: belles, p: 0.0
INFO:root:Class: belles, p: 0.0
INFO:root:Accuracy: 0.14285714285714285
INFO:root:Trainin on: competition/vectors/train_n1000.csv
INFO:root:Classes learned: defaultdict(<class 'float'>, {'hobbies': 0.07048458149779736, 'belles': 0.1762114537444934, 'news': 0.10572687224669604, 'learned': 0.16740088105726872, 'government': 0.07048458149779736, 'mystery': 0.06167400881057269, 'lore': 0.10572687224669604, 'editorial': 0.06167400881057269, 'fiction': 0.06607929515418502, 'romance': 0.048458149779735685, 'adventure': 0.06607929515418502})
INFO:root:Number of dimensions: 1000
INFO:root:Evaluating on: competition/vectors/dev_n1000.csv
INFO:root:Classifying 112 documents.
INFO:root:Class: adventure, p: 1.2758256091358421e-127
INFO:root:Class: hobbies, p: 9.183742921634654e-261
INFO:root:Class: belles, p: 1.2830941655038736e-285
INFO:root:Class: mystery, p: 8.443280828416083e-138
INFO:root:Class: romance, p: 7.21386229888028e-291
INFO:root:Class: adventure, p: 4.395205624699914e-167
INFO:root:Class: editorial, p: 2.677985758e-314
INFO:root:Class: fiction, p: 3.6241941194575926e-202
INFO:root:Class: romance, p: 2.2622593358461984e-215
INFO:root:Class: belles, p: 1.9498996637288132e-209
INFO:root:Class: romance, p: 8.159912731836999e-161
INFO:root:Class: belles, p: 0.0
INFO:root:Class: editorial, p: 1.9666006986653788e-245
INFO:root:Class: belles, p: 2.676818505391565e-214
INFO:root:Class: learned, p: 5.429161743802725e-196
INFO:root:Class: editorial, p: 2.70349031463523e-309
INFO:root:Class: romance, p: 8.9608946229777e-226
INFO:root:Class: romance, p: 6.595890724736017e-219
INFO:root:Class: romance, p: 8.134161008980621e-176
INFO:root:Class: adventure, p: 1.75505775422288e-234
INFO:root:Class: belles, p: 3.7912409210932203e-268
INFO:root:Class: mystery, p: 4.482951604914746e-259
INFO:root:Class: hobbies, p: 8.013864394009176e-221
INFO:root:Class: belles, p: 0.0
INFO:root:Class: belles, p: 1.6481456261148606e-262
INFO:root:Class: news, p: 1.6029750452771752e-198
INFO:root:Class: lore, p: 3.0135661601503343e-245
INFO:root:Class: romance, p: 8.295903601047112e-240
INFO:root:Class: adventure, p: 7.21009064012041e-234
INFO:root:Class: belles, p: 2.9780271295313516e-262
INFO:root:Class: belles, p: 0.0
INFO:root:Class: romance, p: 5.05942635643756e-290
INFO:root:Class: learned, p: 4.752399333717668e-269
INFO:root:Class: belles, p: 2.0431401671402502e-265
INFO:root:Class: hobbies, p: 2.860829356355852e-266
INFO:root:Class: learned, p: 2.4334286033149014e-203
INFO:root:Class: belles, p: 0.0
INFO:root:Class: mystery, p: 3.779417879379913e-286
INFO:root:Class: learned, p: 2.338068210372669e-236
INFO:root:Class: editorial, p: 5.10822e-317
INFO:root:Class: learned, p: 5.933389424616098e-238
INFO:root:Class: belles, p: 0.0
INFO:root:Class: belles, p: 3.9983720033362067e-256
INFO:root:Class: belles, p: 9.840469250097318e-234
INFO:root:Class: learned, p: 7.567375807156333e-177
INFO:root:Class: belles, p: 0.0
INFO:root:Class: fiction, p: 3.526760383323344e-182
INFO:root:Class: adventure, p: 4.259182396379461e-151
INFO:root:Class: belles, p: 0.0
INFO:root:Class: belles, p: 0.0
INFO:root:Class: hobbies, p: 1.02153e-319
INFO:root:Class: belles, p: 0.0
INFO:root:Class: news, p: 1.0163079017057337e-233
INFO:root:Class: news, p: 5.290880632696453e-228
INFO:root:Class: government, p: 3.1070094020181024e-271
INFO:root:Class: fiction, p: 6.726608542841234e-216
INFO:root:Class: fiction, p: 6.016628189975381e-199
INFO:root:Class: belles, p: 3.748065969829074e-237
INFO:root:Class: adventure, p: 5.977463182132021e-190
INFO:root:Class: government, p: 6.824677805830081e-249
INFO:root:Class: belles, p: 2.3635928596454467e-263
INFO:root:Class: fiction, p: 6.819747726893462e-254
INFO:root:Class: editorial, p: 3.820880288498536e-249
INFO:root:Class: belles, p: 1.3131712685444354e-251
INFO:root:Class: fiction, p: 1.1436680101991306e-155
INFO:root:Class: belles, p: 0.0
INFO:root:Class: belles, p: 0.0
INFO:root:Class: belles, p: 0.0
INFO:root:Class: news, p: 2.0222276824516677e-282
INFO:root:Class: editorial, p: 3.5175514811230525e-298
INFO:root:Class: news, p: 7.227616527219568e-278
INFO:root:Class: learned, p: 3.30826e-319
INFO:root:Class: learned, p: 2.8444879744764172e-235
INFO:root:Class: lore, p: 8.839394633482322e-231
INFO:root:Class: belles, p: 1.166991889132277e-272
INFO:root:Class: belles, p: 1.796298849284783e-223
INFO:root:Class: learned, p: 2.2484321482912567e-194
INFO:root:Class: government, p: 2.261865840204339e-305
INFO:root:Class: editorial, p: 4.629472156189156e-241
INFO:root:Class: adventure, p: 6.566027684350256e-169
INFO:root:Class: belles, p: 4.282972738599957e-209
INFO:root:Class: government, p: 1.4169002608253878e-302
INFO:root:Class: romance, p: 1.368470847796949e-238
INFO:root:Class: editorial, p: 5.054844464602888e-280
INFO:root:Class: belles, p: 0.0
INFO:root:Class: belles, p: 1.820619585138591e-263
INFO:root:Class: government, p: 1.0849270177670626e-246
INFO:root:Class: editorial, p: 9.989755253555511e-278
INFO:root:Class: mystery, p: 1.2636032235977526e-142
INFO:root:Class: mystery, p: 4.7554626499147244e-222
INFO:root:Class: belles, p: 0.0
INFO:root:Class: belles, p: 0.0
INFO:root:Class: mystery, p: 3.796002459950194e-205
INFO:root:Class: belles, p: 0.0
INFO:root:Class: hobbies, p: 6.029160888131238e-273
INFO:root:Class: hobbies, p: 3.504281521448641e-204
INFO:root:Class: belles, p: 1.4915628042672669e-291
INFO:root:Class: learned, p: 1.636462525824616e-261
INFO:root:Class: news, p: 3.057209580137974e-217
INFO:root:Class: learned, p: 4.056215955582721e-211
INFO:root:Class: lore, p: 4.107713868179888e-242
INFO:root:Class: news, p: 8.073643042897914e-219
INFO:root:Class: belles, p: 0.0
INFO:root:Class: news, p: 5.046e-319
INFO:root:Class: news, p: 7.6751321861175145e-283
INFO:root:Class: belles, p: 2.3876705801248448e-296
INFO:root:Class: fiction, p: 2.965492276562305e-206
INFO:root:Class: adventure, p: 8.165335275851595e-155
INFO:root:Class: belles, p: 1.3458582036702504e-242
INFO:root:Class: fiction, p: 9.742239777594185e-153
INFO:root:Class: romance, p: 2.6530034095422152e-163
INFO:root:Class: belles, p: 6.118283289214177e-247
INFO:root:Accuracy: 0.45535714285714285
INFO:root:Trainin on: competition/vectors/train_n1000.csv
INFO:root:Classes learned: defaultdict(<class 'float'>, {'government': 0.07048458149779736, 'lore': 0.10572687224669604, 'learned': 0.16740088105726872, 'fiction': 0.06607929515418502, 'news': 0.10572687224669604, 'adventure': 0.06607929515418502, 'romance': 0.048458149779735685, 'editorial': 0.06167400881057269, 'mystery': 0.06167400881057269, 'hobbies': 0.07048458149779736, 'belles': 0.1762114537444934})
INFO:root:Number of dimensions: 1000
INFO:root:Evaluating on: competition/vectors/dev_n1000.csv
INFO:root:Classifying 112 documents.
INFO:root:Class: adventure, p: 1.2758256091358421e-127
INFO:root:Class: hobbies, p: 9.183742921634654e-261
INFO:root:Class: belles, p: 1.2830941655038736e-285
INFO:root:Class: mystery, p: 8.443280828416083e-138
INFO:root:Class: romance, p: 7.21386229888028e-291
INFO:root:Class: adventure, p: 4.395205624699914e-167
INFO:root:Class: editorial, p: 2.677985758e-314
INFO:root:Class: fiction, p: 3.6241941194575926e-202
INFO:root:Class: romance, p: 2.2622593358461984e-215
INFO:root:Class: belles, p: 1.9498996637288132e-209
INFO:root:Class: romance, p: 8.159912731836999e-161
INFO:root:Class: belles, p: 0.0
INFO:root:Class: editorial, p: 1.9666006986653788e-245
INFO:root:Class: belles, p: 2.676818505391565e-214
INFO:root:Class: learned, p: 5.429161743802725e-196
INFO:root:Class: editorial, p: 2.70349031463523e-309
INFO:root:Class: romance, p: 8.9608946229777e-226
INFO:root:Class: romance, p: 6.595890724736017e-219
INFO:root:Class: romance, p: 8.134161008980621e-176
INFO:root:Class: adventure, p: 1.75505775422288e-234
INFO:root:Class: belles, p: 3.7912409210932203e-268
INFO:root:Class: mystery, p: 4.482951604914746e-259
INFO:root:Class: hobbies, p: 8.013864394009176e-221
INFO:root:Class: belles, p: 0.0
INFO:root:Class: belles, p: 1.6481456261148606e-262
INFO:root:Class: news, p: 1.6029750452771752e-198
INFO:root:Class: lore, p: 3.0135661601503343e-245
INFO:root:Class: romance, p: 8.295903601047112e-240
INFO:root:Class: adventure, p: 7.21009064012041e-234
INFO:root:Class: belles, p: 2.9780271295313516e-262
INFO:root:Class: belles, p: 0.0
INFO:root:Class: romance, p: 5.05942635643756e-290
INFO:root:Class: learned, p: 4.752399333717668e-269
INFO:root:Class: belles, p: 2.0431401671402502e-265
INFO:root:Class: hobbies, p: 2.860829356355852e-266
INFO:root:Class: learned, p: 2.4334286033149014e-203
INFO:root:Class: belles, p: 0.0
INFO:root:Class: mystery, p: 3.779417879379913e-286
INFO:root:Class: learned, p: 2.338068210372669e-236
INFO:root:Class: editorial, p: 5.10822e-317
INFO:root:Class: learned, p: 5.933389424616098e-238
INFO:root:Class: belles, p: 0.0
INFO:root:Class: belles, p: 3.9983720033362067e-256
INFO:root:Class: belles, p: 9.840469250097318e-234
INFO:root:Class: learned, p: 7.567375807156333e-177
INFO:root:Class: belles, p: 0.0
INFO:root:Class: fiction, p: 3.526760383323344e-182
INFO:root:Class: adventure, p: 4.259182396379461e-151
INFO:root:Class: belles, p: 0.0
INFO:root:Class: belles, p: 0.0
INFO:root:Class: hobbies, p: 1.02153e-319
INFO:root:Class: belles, p: 0.0
INFO:root:Class: news, p: 1.0163079017057337e-233
INFO:root:Class: news, p: 5.290880632696453e-228
INFO:root:Class: government, p: 3.1070094020181024e-271
INFO:root:Class: fiction, p: 6.726608542841234e-216
INFO:root:Class: fiction, p: 6.016628189975381e-199
INFO:root:Class: belles, p: 3.748065969829074e-237
INFO:root:Class: adventure, p: 5.977463182132021e-190
INFO:root:Class: government, p: 6.824677805830081e-249
INFO:root:Class: belles, p: 2.3635928596454467e-263
INFO:root:Class: fiction, p: 6.819747726893462e-254
INFO:root:Class: editorial, p: 3.820880288498536e-249
INFO:root:Class: belles, p: 1.3131712685444354e-251
INFO:root:Class: fiction, p: 1.1436680101991306e-155
INFO:root:Class: belles, p: 0.0
INFO:root:Class: belles, p: 0.0
INFO:root:Class: belles, p: 0.0
INFO:root:Class: news, p: 2.0222276824516677e-282
INFO:root:Class: editorial, p: 3.5175514811230525e-298
INFO:root:Class: news, p: 7.227616527219568e-278
INFO:root:Class: learned, p: 3.30826e-319
INFO:root:Class: learned, p: 2.8444879744764172e-235
INFO:root:Class: lore, p: 8.839394633482322e-231
INFO:root:Class: belles, p: 1.166991889132277e-272
INFO:root:Class: belles, p: 1.796298849284783e-223
INFO:root:Class: learned, p: 2.2484321482912567e-194
INFO:root:Class: government, p: 2.261865840204339e-305
INFO:root:Class: editorial, p: 4.629472156189156e-241
INFO:root:Class: adventure, p: 6.566027684350256e-169
INFO:root:Class: belles, p: 4.282972738599957e-209
INFO:root:Class: government, p: 1.4169002608253878e-302
INFO:root:Class: romance, p: 1.368470847796949e-238
INFO:root:Class: editorial, p: 5.054844464602888e-280
INFO:root:Class: belles, p: 0.0
INFO:root:Class: belles, p: 1.820619585138591e-263
INFO:root:Class: government, p: 1.0849270177670626e-246
INFO:root:Class: editorial, p: 9.989755253555511e-278
INFO:root:Class: mystery, p: 1.2636032235977526e-142
INFO:root:Class: mystery, p: 4.7554626499147244e-222
INFO:root:Class: belles, p: 0.0
INFO:root:Class: belles, p: 0.0
INFO:root:Class: mystery, p: 3.796002459950194e-205
INFO:root:Class: belles, p: 0.0
INFO:root:Class: hobbies, p: 6.029160888131238e-273
INFO:root:Class: hobbies, p: 3.504281521448641e-204
INFO:root:Class: belles, p: 1.4915628042672669e-291
INFO:root:Class: learned, p: 1.636462525824616e-261
INFO:root:Class: news, p: 3.057209580137974e-217
INFO:root:Class: learned, p: 4.056215955582721e-211
INFO:root:Class: lore, p: 4.107713868179888e-242
INFO:root:Class: news, p: 8.073643042897914e-219
INFO:root:Class: belles, p: 0.0
INFO:root:Class: news, p: 5.046e-319
INFO:root:Class: news, p: 7.6751321861175145e-283
INFO:root:Class: belles, p: 2.3876705801248448e-296
INFO:root:Class: fiction, p: 2.965492276562305e-206
INFO:root:Class: adventure, p: 8.165335275851595e-155
INFO:root:Class: belles, p: 1.3458582036702504e-242
INFO:root:Class: fiction, p: 9.742239777594185e-153
INFO:root:Class: romance, p: 2.6530034095422152e-163
INFO:root:Class: belles, p: 6.118283289214177e-247
INFO:root:Accuracy: 0.45535714285714285
INFO:root:Trainin on: competition/vectors/train_n1000_scaled.csv
INFO:root:Classes learned: defaultdict(<class 'float'>, {'news': 0.10572687224669604, 'editorial': 0.06167400881057269, 'belles': 0.1762114537444934, 'lore': 0.10572687224669604, 'romance': 0.048458149779735685, 'mystery': 0.06167400881057269, 'government': 0.07048458149779736, 'learned': 0.16740088105726872, 'hobbies': 0.07048458149779736, 'adventure': 0.06607929515418502, 'fiction': 0.06607929515418502})
INFO:root:Number of dimensions: 1000
INFO:root:Evaluating on: competition/vectors/dev_n1000_scaled.csv
INFO:root:Classifying 112 documents.
INFO:root:Class: adventure, p: 7.055687734485936e+198
INFO:root:Class: hobbies, p: 7.801260112464437e+107
INFO:root:Class: belles, p: 5.510012677436151e+106
INFO:root:Class: mystery, p: 3.8933202557441245e+181
INFO:root:Class: lore, p: 2.3625582782177985e+66
INFO:root:Class: adventure, p: 2.43067690401227e+159
INFO:root:Class: lore, p: 4.691287328832666e+70
INFO:root:Class: belles, p: 5.145424586832001e+186
INFO:root:Class: belles, p: 4.9962792169573115e+106
INFO:root:Class: belles, p: 8.373486651040247e+182
INFO:root:Class: adventure, p: 1.7331529116325644e+139
INFO:root:Class: lore, p: 5.159938853647161e+52
INFO:root:Class: news, p: 1.7657739419768336e+136
INFO:root:Class: belles, p: 1.1495106358083619e+178
INFO:root:Class: learned, p: 9.528406099765601e+183
INFO:root:Class: editorial, p: 1.0247871193152317e+71
INFO:root:Class: adventure, p: 1.3639970792734297e+91
INFO:root:Class: lore, p: 1.1535584255694084e+120
INFO:root:Class: fiction, p: 7.785143282107928e+126
INFO:root:Class: editorial, p: 1.4740814705078834e+136
INFO:root:Class: belles, p: 1.628078912683289e+124
INFO:root:Class: lore, p: 4.694391154945071e+94
INFO:root:Class: hobbies, p: 6.807490276802697e+147
INFO:root:Class: learned, p: 4.961324870916592e-33
INFO:root:Class: belles, p: 7.077659253939083e+129
INFO:root:Class: news, p: 1.9504847651577953e+189
INFO:root:Class: lore, p: 2.4703267979702944e+145
INFO:root:Class: fiction, p: 6.288524060265685e+88
INFO:root:Class: adventure, p: 3.987390418388478e+92
INFO:root:Class: belles, p: 1.2788591577004825e+130
INFO:root:Class: belles, p: 2.0042301394479668e-62
INFO:root:Class: news, p: 2.6216007731702462e+73
INFO:root:Class: learned, p: 8.340659743948004e+110
INFO:root:Class: belles, p: 8.773890900128227e+126
INFO:root:Class: hobbies, p: 2.430171895788915e+102
INFO:root:Class: learned, p: 4.27076905079076e+176
INFO:root:Class: news, p: 1.039029818062045e-60
INFO:root:Class: editorial, p: 1.448447162776146e+37
INFO:root:Class: learned, p: 4.103407569835842e+143
INFO:root:Class: editorial, p: 1.936325739690539e+63
INFO:root:Class: learned, p: 1.0413346784212412e+142
INFO:root:Class: hobbies, p: 2.0624235223583916e-13
INFO:root:Class: belles, p: 1.7170275588336097e+136
INFO:root:Class: belles, p: 4.225809124357215e+158
INFO:root:Class: learned, p: 1.3281061276620695e+203
INFO:root:Class: lore, p: 1.202052488102983e+25
INFO:root:Class: fiction, p: 5.161612812371826e+155
INFO:root:Class: adventure, p: 2.355452091405149e+175
INFO:root:Class: editorial, p: 2.411706019540655e+29
INFO:root:Class: lore, p: 2.9434775618788448e+59
INFO:root:Class: hobbies, p: 8.677350402399258e+48
INFO:root:Class: hobbies, p: 2.1508633319219985e-93
INFO:root:Class: news, p: 1.2366337734495111e+154
INFO:root:Class: news, p: 6.4378931529521405e+159
INFO:root:Class: learned, p: 5.488198100358931e+94
INFO:root:Class: fiction, p: 9.844771139745062e+121
INFO:root:Class: fiction, p: 8.805674833908107e+138
INFO:root:Class: belles, p: 1.6095382213444257e+155
INFO:root:Class: adventure, p: 3.305711482471024e+136
INFO:root:Class: lore, p: 8.274302201836528e+110
INFO:root:Class: belles, p: 1.0150016242829258e+129
INFO:root:Class: belles, p: 1.4953178355462765e+130
INFO:root:Class: editorial, p: 1.4483458227690906e+131
INFO:root:Class: belles, p: 5.639173282721133e+140
INFO:root:Class: fiction, p: 1.673822662423387e+182
INFO:root:Class: learned, p: 2.949727277563168e+45
INFO:root:Class: learned, p: 3.0834318420328552e+29
INFO:root:Class: belles, p: 0.0010619297177247467
INFO:root:Class: news, p: 2.4606273802723e+105
INFO:root:Class: editorial, p: 1.3333657715986412e+82
INFO:root:Class: news, p: 8.79449494006746e+109
INFO:root:Class: learned, p: 5.8062552925021904e+60
INFO:root:Class: learned, p: 4.9921954522075465e+144
INFO:root:Class: lore, p: 7.245964508652687e+159
INFO:root:Class: belles, p: 5.0114327353821504e+119
INFO:root:Class: belles, p: 7.713876111451435e+168
INFO:root:Class: learned, p: 3.946092529135396e+185
INFO:root:Class: government, p: 3.209028609512041e+43
INFO:root:Class: editorial, p: 1.7548512784411834e+139
INFO:root:Class: adventure, p: 3.6312048186698496e+157
INFO:root:Class: belles, p: 1.8392441273031492e+183
INFO:root:Class: government, p: 2.0102312847180497e+46
INFO:root:Class: adventure, p: 5.835393824584775e+81
INFO:root:Class: editorial, p: 1.9160932330418707e+100
INFO:root:Class: learned, p: 3.475298824236014e-17
INFO:root:Class: belles, p: 7.818317053107908e+128
INFO:root:Class: government, p: 1.5392432996523698e+102
INFO:root:Class: belles, p: 1.100179488323744e+112
INFO:root:Class: fiction, p: 2.8052543018930368e+184
INFO:root:Class: mystery, p: 2.1928133668178647e+97
INFO:root:Class: lore, p: 3.162779665506062e+62
INFO:root:Class: news, p: 1.5302351328596656e+30
INFO:root:Class: mystery, p: 1.7503922430768294e+114
INFO:root:Class: belles, p: 1.6631122910629305e+20
INFO:root:Class: hobbies, p: 5.121555856861872e+95
INFO:root:Class: hobbies, p: 2.9767614238985855e+164
INFO:root:Class: belles, p: 6.405243030216223e+100
INFO:root:Class: learned, p: 2.872060227512019e+118
INFO:root:Class: news, p: 3.719983494142695e+170
INFO:root:Class: learned, p: 7.11882877633137e+168
INFO:root:Class: lore, p: 3.3672383839261266e+148
INFO:root:Class: news, p: 9.823931945099054e+168
INFO:root:Class: belles, p: 2.270289216859152e+57
INFO:root:Class: news, p: 6.139936268147491e+68
INFO:root:Class: news, p: 9.33902773078197e+104
INFO:root:Class: belles, p: 1.025341359950979e+96
INFO:root:Class: fiction, p: 4.3401652695412374e+131
INFO:root:Class: adventure, p: 4.5156685632619006e+171
INFO:root:Class: belles, p: 5.779541333462721e+149
INFO:root:Class: fiction, p: 1.4258317603602577e+185
INFO:root:Class: adventure, p: 1.7921247681523904e+152
INFO:root:Class: belles, p: 2.627384598423317e+145
INFO:root:Accuracy: 0.5
INFO:root:Trainin on: competition/vectors/train_n1000_scaled.csv
INFO:root:Classes learned: defaultdict(<class 'float'>, {'fiction': 0.06607929515418502, 'adventure': 0.06607929515418502, 'government': 0.07048458149779736, 'mystery': 0.06167400881057269, 'romance': 0.048458149779735685, 'editorial': 0.06167400881057269, 'news': 0.10572687224669604, 'learned': 0.16740088105726872, 'hobbies': 0.07048458149779736, 'belles': 0.1762114537444934, 'lore': 0.10572687224669604})
INFO:root:Number of dimensions: 1000
INFO:root:Evaluating on: competition/vectors/dev_n1000_scaled.csv
INFO:root:Classifying 112 documents.
INFO:root:Class: adventure, p: 7.055687734485936e+198
INFO:root:Class: hobbies, p: 7.801260112464437e+107
INFO:root:Class: belles, p: 5.510012677436151e+106
INFO:root:Class: mystery, p: 3.8933202557441245e+181
INFO:root:Class: lore, p: 2.3625582782177985e+66
INFO:root:Class: adventure, p: 2.43067690401227e+159
INFO:root:Class: lore, p: 4.691287328832666e+70
INFO:root:Class: belles, p: 5.145424586832001e+186
INFO:root:Class: belles, p: 4.9962792169573115e+106
INFO:root:Class: belles, p: 8.373486651040247e+182
INFO:root:Class: adventure, p: 1.7331529116325644e+139
INFO:root:Class: lore, p: 5.159938853647161e+52
INFO:root:Class: news, p: 1.7657739419768336e+136
INFO:root:Class: belles, p: 1.1495106358083619e+178
INFO:root:Class: learned, p: 9.528406099765601e+183
INFO:root:Class: editorial, p: 1.0247871193152317e+71
INFO:root:Class: adventure, p: 1.3639970792734297e+91
INFO:root:Class: lore, p: 1.1535584255694084e+120
INFO:root:Class: fiction, p: 7.785143282107928e+126
INFO:root:Class: editorial, p: 1.4740814705078834e+136
INFO:root:Class: belles, p: 1.628078912683289e+124
INFO:root:Class: lore, p: 4.694391154945071e+94
INFO:root:Class: hobbies, p: 6.807490276802697e+147
INFO:root:Class: learned, p: 4.961324870916592e-33
INFO:root:Class: belles, p: 7.077659253939083e+129
INFO:root:Class: news, p: 1.9504847651577953e+189
INFO:root:Class: lore, p: 2.4703267979702944e+145
INFO:root:Class: fiction, p: 6.288524060265685e+88
INFO:root:Class: adventure, p: 3.987390418388478e+92
INFO:root:Class: belles, p: 1.2788591577004825e+130
INFO:root:Class: belles, p: 2.0042301394479668e-62
INFO:root:Class: news, p: 2.6216007731702462e+73
INFO:root:Class: learned, p: 8.340659743948004e+110
INFO:root:Class: belles, p: 8.773890900128227e+126
INFO:root:Class: hobbies, p: 2.430171895788915e+102
INFO:root:Class: learned, p: 4.27076905079076e+176
INFO:root:Class: news, p: 1.039029818062045e-60
INFO:root:Class: editorial, p: 1.448447162776146e+37
INFO:root:Class: learned, p: 4.103407569835842e+143
INFO:root:Class: editorial, p: 1.936325739690539e+63
INFO:root:Class: learned, p: 1.0413346784212412e+142
INFO:root:Class: hobbies, p: 2.0624235223583916e-13
INFO:root:Class: belles, p: 1.7170275588336097e+136
INFO:root:Class: belles, p: 4.225809124357215e+158
INFO:root:Class: learned, p: 1.3281061276620695e+203
INFO:root:Class: lore, p: 1.202052488102983e+25
INFO:root:Class: fiction, p: 5.161612812371826e+155
INFO:root:Class: adventure, p: 2.355452091405149e+175
INFO:root:Class: editorial, p: 2.411706019540655e+29
INFO:root:Class: lore, p: 2.9434775618788448e+59
INFO:root:Class: hobbies, p: 8.677350402399258e+48
INFO:root:Class: hobbies, p: 2.1508633319219985e-93
INFO:root:Class: news, p: 1.2366337734495111e+154
INFO:root:Class: news, p: 6.4378931529521405e+159
INFO:root:Class: learned, p: 5.488198100358931e+94
INFO:root:Class: fiction, p: 9.844771139745062e+121
INFO:root:Class: fiction, p: 8.805674833908107e+138
INFO:root:Class: belles, p: 1.6095382213444257e+155
INFO:root:Class: adventure, p: 3.305711482471024e+136
INFO:root:Class: lore, p: 8.274302201836528e+110
INFO:root:Class: belles, p: 1.0150016242829258e+129
INFO:root:Class: belles, p: 1.4953178355462765e+130
INFO:root:Class: editorial, p: 1.4483458227690906e+131
INFO:root:Class: belles, p: 5.639173282721133e+140
INFO:root:Class: fiction, p: 1.673822662423387e+182
INFO:root:Class: learned, p: 2.949727277563168e+45
INFO:root:Class: learned, p: 3.0834318420328552e+29
INFO:root:Class: belles, p: 0.0010619297177247467
INFO:root:Class: news, p: 2.4606273802723e+105
INFO:root:Class: editorial, p: 1.3333657715986412e+82
INFO:root:Class: news, p: 8.79449494006746e+109
INFO:root:Class: learned, p: 5.8062552925021904e+60
INFO:root:Class: learned, p: 4.9921954522075465e+144
INFO:root:Class: lore, p: 7.245964508652687e+159
INFO:root:Class: belles, p: 5.0114327353821504e+119
INFO:root:Class: belles, p: 7.713876111451435e+168
INFO:root:Class: learned, p: 3.946092529135396e+185
INFO:root:Class: government, p: 3.209028609512041e+43
INFO:root:Class: editorial, p: 1.7548512784411834e+139
INFO:root:Class: adventure, p: 3.6312048186698496e+157
INFO:root:Class: belles, p: 1.8392441273031492e+183
INFO:root:Class: government, p: 2.0102312847180497e+46
INFO:root:Class: adventure, p: 5.835393824584775e+81
INFO:root:Class: editorial, p: 1.9160932330418707e+100
INFO:root:Class: learned, p: 3.475298824236014e-17
INFO:root:Class: belles, p: 7.818317053107908e+128
INFO:root:Class: government, p: 1.5392432996523698e+102
INFO:root:Class: belles, p: 1.100179488323744e+112
INFO:root:Class: fiction, p: 2.8052543018930368e+184
INFO:root:Class: mystery, p: 2.1928133668178647e+97
INFO:root:Class: lore, p: 3.162779665506062e+62
INFO:root:Class: news, p: 1.5302351328596656e+30
INFO:root:Class: mystery, p: 1.7503922430768294e+114
INFO:root:Class: belles, p: 1.6631122910629305e+20
INFO:root:Class: hobbies, p: 5.121555856861872e+95
INFO:root:Class: hobbies, p: 2.9767614238985855e+164
INFO:root:Class: belles, p: 6.405243030216223e+100
INFO:root:Class: learned, p: 2.872060227512019e+118
INFO:root:Class: news, p: 3.719983494142695e+170
INFO:root:Class: learned, p: 7.11882877633137e+168
INFO:root:Class: lore, p: 3.3672383839261266e+148
INFO:root:Class: news, p: 9.823931945099054e+168
INFO:root:Class: belles, p: 2.270289216859152e+57
INFO:root:Class: news, p: 6.139936268147491e+68
INFO:root:Class: news, p: 9.33902773078197e+104
INFO:root:Class: belles, p: 1.025341359950979e+96
INFO:root:Class: fiction, p: 4.3401652695412374e+131
INFO:root:Class: adventure, p: 4.5156685632619006e+171
INFO:root:Class: belles, p: 5.779541333462721e+149
INFO:root:Class: fiction, p: 1.4258317603602577e+185
INFO:root:Class: adventure, p: 1.7921247681523904e+152
INFO:root:Class: belles, p: 2.627384598423317e+145
INFO:root:Accuracy: 0.5
INFO:root:Trainin on: competition/vectors/train_n1000_scaled.csv
INFO:root:Classes learned: defaultdict(<class 'float'>, {'mystery': 0.06167400881057269, 'government': 0.07048458149779736, 'adventure': 0.06607929515418502, 'romance': 0.048458149779735685, 'hobbies': 0.07048458149779736, 'news': 0.10572687224669604, 'lore': 0.10572687224669604, 'belles': 0.1762114537444934, 'learned': 0.16740088105726872, 'fiction': 0.06607929515418502, 'editorial': 0.06167400881057269})
INFO:root:Number of dimensions: 1000
INFO:root:Evaluating on: competition/vectors/dev_n1000_scaled.csv
INFO:root:Classifying 112 documents.
INFO:root:Class: romance, p: inf
INFO:root:Class: learned, p: 8.800074475215548e+108
INFO:root:Class: belles, p: 8.769449320762427e+114
INFO:root:Class: belles, p: 0.0
INFO:root:Class: lore, p: 9.524810313156234e+90
INFO:root:Class: lore, p: 1.6637366706324753e+144
INFO:root:Class: lore, p: 1.8913332831592817e+95
INFO:root:Class: belles, p: 8.189161905910728e+194
INFO:root:Class: belles, p: 7.952209968752443e+114
INFO:root:Class: belles, p: 1.3327191504039857e+191
INFO:root:Class: belles, p: 1.9826780206058007e+116
INFO:root:Class: belles, p: 2.3234376872697945e+35
INFO:root:Class: lore, p: 5.357985556571284e+92
INFO:root:Class: belles, p: 1.8295063786278546e+186
INFO:root:Class: lore, p: 2403008024.004769
INFO:root:Class: belles, p: 1.4742989560175061e+63
INFO:root:Class: belles, p: 1.8248313333305133e+68
INFO:root:Class: belles, p: 0.0
INFO:root:Class: lore, p: 3.424669962349409e+47
INFO:root:Class: lore, p: 1.428929006911523e+155
INFO:root:Class: belles, p: 2.5911788510732874e+132
INFO:root:Class: lore, p: 1.8925648489232656e+119
INFO:root:Class: lore, p: 7.239683974816515e+49
INFO:root:Class: belles, p: 1.2065448666978227e-37
INFO:root:Class: lore, p: 1.9251428564499298e+139
INFO:root:Class: belles, p: 4.286960721342553e-54
INFO:root:Class: lore, p: 9.95906776982609e+169
INFO:root:Class: lore, p: 5.499970152613466e+43
INFO:root:Class: belles, p: 1.101741818453053e+91
INFO:root:Class: belles, p: 2.0353714975504204e+138
INFO:root:Class: learned, p: 363599939.18481445
INFO:root:Class: belles, p: 0.0
INFO:root:Class: belles, p: 2.2581587731784725e+104
INFO:root:Class: belles, p: 1.3964173230784008e+135
INFO:root:Class: lore, p: 4.258618226141531e+118
INFO:root:Class: belles, p: 9.293527647234682e-57
INFO:root:Class: learned, p: 1.1675284155348721e-29
INFO:root:Class: belles, p: 8.100749752175568e+34
INFO:root:Class: belles, p: 6.241852256192249e+149
INFO:root:Class: belles, p: 0.0
INFO:root:Class: learned, p: 1.7648442546233723e+273
INFO:root:Class: belles, p: 1.354675430917107e-237
INFO:root:Class: belles, p: 2.7327604427598634e+144
INFO:root:Class: belles, p: 6.725607861046678e+166
INFO:root:Class: belles, p: 4.1350943965218645e+22
INFO:root:Class: belles, p: 1.4385587719059497e-75
INFO:root:Class: belles, p: 6.282438384574526e+147
INFO:root:Class: lore, p: 1.621979930152461e-101
INFO:root:Class: belles, p: 8.890596789595153e+28
INFO:root:Class: lore, p: 1.1866721687233366e+84
INFO:root:Class: belles, p: 5.94017395917767e-137
INFO:root:Class: learned, p: 1.1106482754738221e-39
INFO:root:Class: belles, p: 1326810642740762.8
INFO:root:Class: belles, p: 1.5707036400018819e+28
INFO:root:Class: learned, p: 9.303892519561978e+225
INFO:root:Class: belles, p: 0.0
INFO:root:Class: lore, p: 1.9755071824816225e+100
INFO:root:Class: belles, p: 2.5616706912925532e+163
INFO:root:Class: lore, p: 6.701269485643086e+26
INFO:root:Class: belles, p: 1.4395111051163208e+70
INFO:root:Class: belles, p: 1.6154270395198067e+137
INFO:root:Class: lore, p: 8.128199234592509e+145
INFO:root:Class: belles, p: 2.3378011761714813e+130
INFO:root:Class: belles, p: 8.975205079517797e+148
INFO:root:Class: belles, p: 0.0
INFO:root:Class: belles, p: 0.0
INFO:root:Class: lore, p: 1.0568178250752332e+27
INFO:root:Class: belles, p: 169022.78775394865
INFO:root:Class: belles, p: 2.8316604919889313e+53
INFO:root:Class: lore, p: 5.061304922219853e+104
INFO:root:Class: lore, p: 9.612926789457944e+114
INFO:root:Class: lore, p: 3.4494930056292413e+18
INFO:root:Class: news, p: 4.974028522264e-81
INFO:root:Class: lore, p: 2.921233746920491e+184
INFO:root:Class: learned, p: 2.3765148606489546e+131
INFO:root:Class: belles, p: 1.2277072173024936e+177
INFO:root:Class: learned, p: inf
INFO:root:Class: belles, p: 2.0769513790424676e-274
INFO:root:Class: news, p: 1.441765670763151e+157
INFO:root:Class: lore, p: 3.521170256513429e-64
INFO:root:Class: belles, p: 2.927322953443252e+191
INFO:root:Class: belles, p: 1832760884630674.0
INFO:root:Class: belles, p: 0.0
INFO:root:Class: belles, p: 9.377780481557107e+92
INFO:root:Class: belles, p: 2.5051010207849985e-09
INFO:root:Class: belles, p: 1.2443397413702855e+137
INFO:root:Class: learned, p: 7.270780106059359e+92
INFO:root:Class: belles, p: 1.750993448508366e+120
INFO:root:Class: belles, p: 0.0
INFO:root:Class: belles, p: 0.0
INFO:root:Class: belles, p: 8819879428542.023
INFO:root:Class: belles, p: 3.910394306374255e-123
INFO:root:Class: lore, p: 1.1306056216185765e-41
INFO:root:Class: learned, p: 3.714676887329396e+95
INFO:root:Class: learned, p: 5.302714092217476e-124
INFO:root:Class: lore, p: 2.2397236933908325e+123
INFO:root:Class: belles, p: 1.0194466240330619e+109
INFO:root:Class: learned, p: 4.867741918609436e+249
INFO:root:Class: belles, p: 4.116944108994933e-14
INFO:root:Class: government, p: inf
INFO:root:Class: belles, p: 5.920693898347509e+111
INFO:root:Class: lore, p: 1.2711879811366535e+104
INFO:root:Class: belles, p: 3.613444013857702e+65
INFO:root:Class: belles, p: 0.0
INFO:root:Class: lore, p: 2.2781767137090042e+48
INFO:root:Class: belles, p: 1.631939613499174e+104
INFO:root:Class: fiction, p: inf
INFO:root:Class: lore, p: 1.3137232537738343e+85
INFO:root:Class: belles, p: 9.198415043342871e+157
INFO:root:Class: belles, p: 2.53106280401121e+75
INFO:root:Class: belles, p: 0.0
INFO:root:Class: belles, p: 4.1816417331886526e+153
INFO:root:Accuracy: 0.23214285714285715
INFO:root:Trainin on: competition/vectors/train_n1000_scaled.csv
INFO:root:Classes learned: defaultdict(<class 'float'>, {'hobbies': 0.07048458149779736, 'romance': 0.048458149779735685, 'fiction': 0.06607929515418502, 'learned': 0.16740088105726872, 'news': 0.10572687224669604, 'government': 0.07048458149779736, 'mystery': 0.06167400881057269, 'lore': 0.10572687224669604, 'adventure': 0.06607929515418502, 'editorial': 0.06167400881057269, 'belles': 0.1762114537444934})
INFO:root:Number of dimensions: 1000
INFO:root:Evaluating on: competition/vectors/dev_n1000_scaled.csv
INFO:root:Classifying 112 documents.
INFO:root:Class: adventure, p: 7.055687734485936e+198
INFO:root:Class: hobbies, p: 7.801260112464437e+107
INFO:root:Class: belles, p: 5.510012677436151e+106
INFO:root:Class: mystery, p: 3.8933202557441245e+181
INFO:root:Class: lore, p: 2.3625582782177985e+66
INFO:root:Class: adventure, p: 2.43067690401227e+159
INFO:root:Class: lore, p: 4.691287328832666e+70
INFO:root:Class: belles, p: 5.145424586832001e+186
INFO:root:Class: belles, p: 4.9962792169573115e+106
INFO:root:Class: belles, p: 8.373486651040247e+182
INFO:root:Class: adventure, p: 1.7331529116325644e+139
INFO:root:Class: lore, p: 5.159938853647161e+52
INFO:root:Class: news, p: 1.7657739419768336e+136
INFO:root:Class: belles, p: 1.1495106358083619e+178
INFO:root:Class: learned, p: 9.528406099765601e+183
INFO:root:Class: editorial, p: 1.0247871193152317e+71
INFO:root:Class: adventure, p: 1.3639970792734297e+91
INFO:root:Class: lore, p: 1.1535584255694084e+120
INFO:root:Class: fiction, p: 7.785143282107928e+126
INFO:root:Class: editorial, p: 1.4740814705078834e+136
INFO:root:Class: belles, p: 1.628078912683289e+124
INFO:root:Class: lore, p: 4.694391154945071e+94
INFO:root:Class: hobbies, p: 6.807490276802697e+147
INFO:root:Class: learned, p: 4.961324870916592e-33
INFO:root:Class: belles, p: 7.077659253939083e+129
INFO:root:Class: news, p: 1.9504847651577953e+189
INFO:root:Class: lore, p: 2.4703267979702944e+145
INFO:root:Class: fiction, p: 6.288524060265685e+88
INFO:root:Class: adventure, p: 3.987390418388478e+92
INFO:root:Class: belles, p: 1.2788591577004825e+130
INFO:root:Class: belles, p: 2.0042301394479668e-62
INFO:root:Class: news, p: 2.6216007731702462e+73
INFO:root:Class: learned, p: 8.340659743948004e+110
INFO:root:Class: belles, p: 8.773890900128227e+126
INFO:root:Class: hobbies, p: 2.430171895788915e+102
INFO:root:Class: learned, p: 4.27076905079076e+176
INFO:root:Class: news, p: 1.039029818062045e-60
INFO:root:Class: editorial, p: 1.448447162776146e+37
INFO:root:Class: learned, p: 4.103407569835842e+143
INFO:root:Class: editorial, p: 1.936325739690539e+63
INFO:root:Class: learned, p: 1.0413346784212412e+142
INFO:root:Class: hobbies, p: 2.0624235223583916e-13
INFO:root:Class: belles, p: 1.7170275588336097e+136
INFO:root:Class: belles, p: 4.225809124357215e+158
INFO:root:Class: learned, p: 1.3281061276620695e+203
INFO:root:Class: lore, p: 1.202052488102983e+25
INFO:root:Class: fiction, p: 5.161612812371826e+155
INFO:root:Class: adventure, p: 2.355452091405149e+175
INFO:root:Class: editorial, p: 2.411706019540655e+29
INFO:root:Class: lore, p: 2.9434775618788448e+59
INFO:root:Class: hobbies, p: 8.677350402399258e+48
INFO:root:Class: hobbies, p: 2.1508633319219985e-93
INFO:root:Class: news, p: 1.2366337734495111e+154
INFO:root:Class: news, p: 6.4378931529521405e+159
INFO:root:Class: learned, p: 5.488198100358931e+94
INFO:root:Class: fiction, p: 9.844771139745062e+121
INFO:root:Class: fiction, p: 8.805674833908107e+138
INFO:root:Class: belles, p: 1.6095382213444257e+155
INFO:root:Class: adventure, p: 3.305711482471024e+136
INFO:root:Class: lore, p: 8.274302201836528e+110
INFO:root:Class: belles, p: 1.0150016242829258e+129
INFO:root:Class: belles, p: 1.4953178355462765e+130
INFO:root:Class: editorial, p: 1.4483458227690906e+131
INFO:root:Class: belles, p: 5.639173282721133e+140
INFO:root:Class: fiction, p: 1.673822662423387e+182
INFO:root:Class: learned, p: 2.949727277563168e+45
INFO:root:Class: learned, p: 3.0834318420328552e+29
INFO:root:Class: belles, p: 0.0010619297177247467
INFO:root:Class: news, p: 2.4606273802723e+105
INFO:root:Class: editorial, p: 1.3333657715986412e+82
INFO:root:Class: news, p: 8.79449494006746e+109
INFO:root:Class: learned, p: 5.8062552925021904e+60
INFO:root:Class: learned, p: 4.9921954522075465e+144
INFO:root:Class: lore, p: 7.245964508652687e+159
INFO:root:Class: belles, p: 5.0114327353821504e+119
INFO:root:Class: belles, p: 7.713876111451435e+168
INFO:root:Class: learned, p: 3.946092529135396e+185
INFO:root:Class: government, p: 3.209028609512041e+43
INFO:root:Class: editorial, p: 1.7548512784411834e+139
INFO:root:Class: adventure, p: 3.6312048186698496e+157
INFO:root:Class: belles, p: 1.8392441273031492e+183
INFO:root:Class: government, p: 2.0102312847180497e+46
INFO:root:Class: adventure, p: 5.835393824584775e+81
INFO:root:Class: editorial, p: 1.9160932330418707e+100
INFO:root:Class: learned, p: 3.475298824236014e-17
INFO:root:Class: belles, p: 7.818317053107908e+128
INFO:root:Class: government, p: 1.5392432996523698e+102
INFO:root:Class: belles, p: 1.100179488323744e+112
INFO:root:Class: fiction, p: 2.8052543018930368e+184
INFO:root:Class: mystery, p: 2.1928133668178647e+97
INFO:root:Class: lore, p: 3.162779665506062e+62
INFO:root:Class: news, p: 1.5302351328596656e+30
INFO:root:Class: mystery, p: 1.7503922430768294e+114
INFO:root:Class: belles, p: 1.6631122910629305e+20
INFO:root:Class: hobbies, p: 5.121555856861872e+95
INFO:root:Class: hobbies, p: 2.9767614238985855e+164
INFO:root:Class: belles, p: 6.405243030216223e+100
INFO:root:Class: learned, p: 2.872060227512019e+118
INFO:root:Class: news, p: 3.719983494142695e+170
INFO:root:Class: learned, p: 7.11882877633137e+168
INFO:root:Class: lore, p: 3.3672383839261266e+148
INFO:root:Class: news, p: 9.823931945099054e+168
INFO:root:Class: belles, p: 2.270289216859152e+57
INFO:root:Class: news, p: 6.139936268147491e+68
INFO:root:Class: news, p: 9.33902773078197e+104
INFO:root:Class: belles, p: 1.025341359950979e+96
INFO:root:Class: fiction, p: 4.3401652695412374e+131
INFO:root:Class: adventure, p: 4.5156685632619006e+171
INFO:root:Class: belles, p: 5.779541333462721e+149
INFO:root:Class: fiction, p: 1.4258317603602577e+185
INFO:root:Class: adventure, p: 1.7921247681523904e+152
INFO:root:Class: belles, p: 2.627384598423317e+145
INFO:root:Accuracy: 0.5
INFO:root:Trainin on: competition/vectors/train_n1000_scaled.csv
INFO:root:Classes learned: defaultdict(<class 'float'>, {'fiction': 0.06607929515418502, 'lore': 0.10572687224669604, 'romance': 0.048458149779735685, 'mystery': 0.06167400881057269, 'learned': 0.16740088105726872, 'editorial': 0.06167400881057269, 'belles': 0.1762114537444934, 'adventure': 0.06607929515418502, 'hobbies': 0.07048458149779736, 'government': 0.07048458149779736, 'news': 0.10572687224669604})
INFO:root:Number of dimensions: 1000
INFO:root:Evaluating on: competition/vectors/dev_n1000_scaled.csv
INFO:root:Classifying 112 documents.
INFO:root:Class: adventure, p: 7.055687734485936e+198
INFO:root:Class: hobbies, p: 7.801260112464437e+107
INFO:root:Class: belles, p: 5.510012677436151e+106
INFO:root:Class: mystery, p: 3.8933202557441245e+181
INFO:root:Class: lore, p: 2.3625582782177985e+66
INFO:root:Class: adventure, p: 2.43067690401227e+159
INFO:root:Class: lore, p: 4.691287328832666e+70
INFO:root:Class: belles, p: 5.145424586832001e+186
INFO:root:Class: belles, p: 4.9962792169573115e+106
INFO:root:Class: belles, p: 8.373486651040247e+182
INFO:root:Class: adventure, p: 1.7331529116325644e+139
INFO:root:Class: lore, p: 5.159938853647161e+52
INFO:root:Class: news, p: 1.7657739419768336e+136
INFO:root:Class: belles, p: 1.1495106358083619e+178
INFO:root:Class: learned, p: 9.528406099765601e+183
INFO:root:Class: editorial, p: 1.0247871193152317e+71
INFO:root:Class: adventure, p: 1.3639970792734297e+91
INFO:root:Class: lore, p: 1.1535584255694084e+120
INFO:root:Class: fiction, p: 7.785143282107928e+126
INFO:root:Class: editorial, p: 1.4740814705078834e+136
INFO:root:Class: belles, p: 1.628078912683289e+124
INFO:root:Class: lore, p: 4.694391154945071e+94
INFO:root:Class: hobbies, p: 6.807490276802697e+147
INFO:root:Class: learned, p: 4.961324870916592e-33
INFO:root:Class: belles, p: 7.077659253939083e+129
INFO:root:Class: news, p: 1.9504847651577953e+189
INFO:root:Class: lore, p: 2.4703267979702944e+145
INFO:root:Class: fiction, p: 6.288524060265685e+88
INFO:root:Class: adventure, p: 3.987390418388478e+92
INFO:root:Class: belles, p: 1.2788591577004825e+130
INFO:root:Class: belles, p: 2.0042301394479668e-62
INFO:root:Class: news, p: 2.6216007731702462e+73
INFO:root:Class: learned, p: 8.340659743948004e+110
INFO:root:Class: belles, p: 8.773890900128227e+126
INFO:root:Class: hobbies, p: 2.430171895788915e+102
INFO:root:Class: learned, p: 4.27076905079076e+176
INFO:root:Class: news, p: 1.039029818062045e-60
INFO:root:Class: editorial, p: 1.448447162776146e+37
INFO:root:Class: learned, p: 4.103407569835842e+143
INFO:root:Class: editorial, p: 1.936325739690539e+63
INFO:root:Class: learned, p: 1.0413346784212412e+142
INFO:root:Class: hobbies, p: 2.0624235223583916e-13
INFO:root:Class: belles, p: 1.7170275588336097e+136
INFO:root:Class: belles, p: 4.225809124357215e+158
INFO:root:Class: learned, p: 1.3281061276620695e+203
INFO:root:Class: lore, p: 1.202052488102983e+25
INFO:root:Class: fiction, p: 5.161612812371826e+155
INFO:root:Class: adventure, p: 2.355452091405149e+175
INFO:root:Class: editorial, p: 2.411706019540655e+29
INFO:root:Class: lore, p: 2.9434775618788448e+59
INFO:root:Class: hobbies, p: 8.677350402399258e+48
INFO:root:Class: hobbies, p: 2.1508633319219985e-93
INFO:root:Class: news, p: 1.2366337734495111e+154
INFO:root:Class: news, p: 6.4378931529521405e+159
INFO:root:Class: learned, p: 5.488198100358931e+94
INFO:root:Class: fiction, p: 9.844771139745062e+121
INFO:root:Class: fiction, p: 8.805674833908107e+138
INFO:root:Class: belles, p: 1.6095382213444257e+155
INFO:root:Class: adventure, p: 3.305711482471024e+136
INFO:root:Class: lore, p: 8.274302201836528e+110
INFO:root:Class: belles, p: 1.0150016242829258e+129
INFO:root:Class: belles, p: 1.4953178355462765e+130
INFO:root:Class: editorial, p: 1.4483458227690906e+131
INFO:root:Class: belles, p: 5.639173282721133e+140
INFO:root:Class: fiction, p: 1.673822662423387e+182
INFO:root:Class: learned, p: 2.949727277563168e+45
INFO:root:Class: learned, p: 3.0834318420328552e+29
INFO:root:Class: belles, p: 0.0010619297177247467
INFO:root:Class: news, p: 2.4606273802723e+105
INFO:root:Class: editorial, p: 1.3333657715986412e+82
INFO:root:Class: news, p: 8.79449494006746e+109
INFO:root:Class: learned, p: 5.8062552925021904e+60
INFO:root:Class: learned, p: 4.9921954522075465e+144
INFO:root:Class: lore, p: 7.245964508652687e+159
INFO:root:Class: belles, p: 5.0114327353821504e+119
INFO:root:Class: belles, p: 7.713876111451435e+168
INFO:root:Class: learned, p: 3.946092529135396e+185
INFO:root:Class: government, p: 3.209028609512041e+43
INFO:root:Class: editorial, p: 1.7548512784411834e+139
INFO:root:Class: adventure, p: 3.6312048186698496e+157
INFO:root:Class: belles, p: 1.8392441273031492e+183
INFO:root:Class: government, p: 2.0102312847180497e+46
INFO:root:Class: adventure, p: 5.835393824584775e+81
INFO:root:Class: editorial, p: 1.9160932330418707e+100
INFO:root:Class: learned, p: 3.475298824236014e-17
INFO:root:Class: belles, p: 7.818317053107908e+128
INFO:root:Class: government, p: 1.5392432996523698e+102
INFO:root:Class: belles, p: 1.100179488323744e+112
INFO:root:Class: fiction, p: 2.8052543018930368e+184
INFO:root:Class: mystery, p: 2.1928133668178647e+97
INFO:root:Class: lore, p: 3.162779665506062e+62
INFO:root:Class: news, p: 1.5302351328596656e+30
INFO:root:Class: mystery, p: 1.7503922430768294e+114
INFO:root:Class: belles, p: 1.6631122910629305e+20
INFO:root:Class: hobbies, p: 5.121555856861872e+95
INFO:root:Class: hobbies, p: 2.9767614238985855e+164
INFO:root:Class: belles, p: 6.405243030216223e+100
INFO:root:Class: learned, p: 2.872060227512019e+118
INFO:root:Class: news, p: 3.719983494142695e+170
INFO:root:Class: learned, p: 7.11882877633137e+168
INFO:root:Class: lore, p: 3.3672383839261266e+148
INFO:root:Class: news, p: 9.823931945099054e+168
INFO:root:Class: belles, p: 2.270289216859152e+57
INFO:root:Class: news, p: 6.139936268147491e+68
INFO:root:Class: news, p: 9.33902773078197e+104
INFO:root:Class: belles, p: 1.025341359950979e+96
INFO:root:Class: fiction, p: 4.3401652695412374e+131
INFO:root:Class: adventure, p: 4.5156685632619006e+171
INFO:root:Class: belles, p: 5.779541333462721e+149
INFO:root:Class: fiction, p: 1.4258317603602577e+185
INFO:root:Class: adventure, p: 1.7921247681523904e+152
INFO:root:Class: belles, p: 2.627384598423317e+145
INFO:root:Accuracy: 0.5
INFO:root:Trainin on: competition/vectors/train_n1000_scaled_z.csv
INFO:root:Classes learned: defaultdict(<class 'float'>, {'learned': 0.16740088105726872, 'belles': 0.1762114537444934, 'fiction': 0.06607929515418502, 'romance': 0.048458149779735685, 'lore': 0.10572687224669604, 'government': 0.07048458149779736, 'editorial': 0.06167400881057269, 'adventure': 0.06607929515418502, 'news': 0.10572687224669604, 'mystery': 0.06167400881057269, 'hobbies': 0.07048458149779736})
INFO:root:Number of dimensions: 1000
INFO:root:Evaluating on: competition/vectors/dev_n1000_scaled_z.csv
INFO:root:Classifying 112 documents.
INFO:root:Class: belles, p: 0.0
INFO:root:Class: belles, p: 0.0
INFO:root:Class: belles, p: 0.0
INFO:root:Class: belles, p: 0.0
INFO:root:Class: belles, p: 0.0
INFO:root:Class: belles, p: 0.0
INFO:root:Class: belles, p: 0.0
INFO:root:Class: belles, p: 0.0
INFO:root:Class: belles, p: 0.0
INFO:root:Class: belles, p: 0.0
INFO:root:Class: belles, p: 0.0
INFO:root:Class: belles, p: 0.0
INFO:root:Class: belles, p: 0.0
INFO:root:Class: belles, p: 0.0
INFO:root:Class: belles, p: 0.0
INFO:root:Class: belles, p: 0.0
INFO:root:Class: belles, p: 0.0
INFO:root:Class: belles, p: 0.0
INFO:root:Class: belles, p: 0.0
INFO:root:Class: belles, p: 0.0
INFO:root:Class: belles, p: 0.0
INFO:root:Class: belles, p: 0.0
INFO:root:Class: belles, p: 0.0
INFO:root:Class: belles, p: 0.0
INFO:root:Class: belles, p: 0.0
INFO:root:Class: belles, p: 0.0
INFO:root:Class: belles, p: 0.0
INFO:root:Class: belles, p: 0.0
INFO:root:Class: belles, p: 0.0
INFO:root:Class: belles, p: 0.0
INFO:root:Class: belles, p: 0.0
INFO:root:Class: belles, p: 0.0
INFO:root:Class: belles, p: 0.0
INFO:root:Class: belles, p: 0.0
INFO:root:Class: belles, p: 0.0
INFO:root:Class: belles, p: 0.0
INFO:root:Class: belles, p: 0.0
INFO:root:Class: belles, p: 0.0
INFO:root:Class: belles, p: 0.0
INFO:root:Class: belles, p: 0.0
INFO:root:Class: belles, p: 0.0
INFO:root:Class: belles, p: 0.0
INFO:root:Class: belles, p: 0.0
INFO:root:Class: belles, p: 0.0
INFO:root:Class: belles, p: 0.0
INFO:root:Class: belles, p: 0.0
INFO:root:Class: belles, p: 0.0
INFO:root:Class: belles, p: 0.0
INFO:root:Class: belles, p: 0.0
INFO:root:Class: belles, p: 0.0
INFO:root:Class: belles, p: 0.0
INFO:root:Class: belles, p: 0.0
INFO:root:Class: belles, p: 0.0
INFO:root:Class: belles, p: 0.0
INFO:root:Class: belles, p: 0.0
INFO:root:Class: belles, p: 0.0
INFO:root:Class: belles, p: 0.0
INFO:root:Class: belles, p: 0.0
INFO:root:Class: belles, p: 0.0
INFO:root:Class: belles, p: 0.0
INFO:root:Class: belles, p: 0.0
INFO:root:Class: belles, p: 0.0
INFO:root:Class: belles, p: 0.0
INFO:root:Class: belles, p: 0.0
INFO:root:Class: belles, p: 0.0
INFO:root:Class: belles, p: 0.0
INFO:root:Class: belles, p: 0.0
INFO:root:Class: belles, p: 0.0
INFO:root:Class: belles, p: 0.0
INFO:root:Class: belles, p: 0.0
INFO:root:Class: belles, p: 0.0
INFO:root:Class: belles, p: 0.0
INFO:root:Class: belles, p: 0.0
INFO:root:Class: belles, p: 0.0
INFO:root:Class: belles, p: 0.0
INFO:root:Class: belles, p: 0.0
INFO:root:Class: belles, p: 0.0
INFO:root:Class: belles, p: 0.0
INFO:root:Class: belles, p: 0.0
INFO:root:Class: belles, p: 0.0
INFO:root:Class: belles, p: 0.0
INFO:root:Class: belles, p: 0.0
INFO:root:Class: belles, p: 0.0
INFO:root:Class: belles, p: 0.0
INFO:root:Class: belles, p: 0.0
INFO:root:Class: belles, p: 0.0
INFO:root:Class: belles, p: 0.0
INFO:root:Class: belles, p: 0.0
INFO:root:Class: belles, p: 0.0
INFO:root:Class: belles, p: 0.0
INFO:root:Class: belles, p: 0.0
INFO:root:Class: belles, p: 0.0
INFO:root:Class: belles, p: 0.0
INFO:root:Class: belles, p: 0.0
INFO:root:Class: belles, p: 0.0
INFO:root:Class: belles, p: 0.0
INFO:root:Class: belles, p: 0.0
INFO:root:Class: belles, p: 0.0
INFO:root:Class: belles, p: 0.0
INFO:root:Class: belles, p: 0.0
INFO:root:Class: belles, p: 0.0
INFO:root:Class: belles, p: 0.0
INFO:root:Class: belles, p: 0.0
INFO:root:Class: belles, p: 0.0
INFO:root:Class: belles, p: 0.0
INFO:root:Class: belles, p: 0.0
INFO:root:Class: belles, p: 0.0
INFO:root:Class: belles, p: 0.0
INFO:root:Class: belles, p: 0.0
INFO:root:Class: belles, p: 0.0
INFO:root:Class: belles, p: 0.0
INFO:root:Class: belles, p: 0.0
INFO:root:Accuracy: 0.14285714285714285
